2024-09-27 01:19:51 INFO  cic.cs.unb.ca.ifm.Cmd    You select: /home/vothuonghd1998/database/DNSinetfirewall.pcap_part1.pcap
2024-09-27 01:19:51 INFO  cic.cs.unb.ca.ifm.Cmd    Out folder: /home/vothuonghd1998/database/
2024-09-27 01:19:51 INFO  cic.cs.unb.ca.ifm.Cmd    CICFlowMeter received 1 pcap file
2024-09-27 01:19:51 DEBUG cic.cs.unb.ca.jnetpcap.FlowGenerator    FlagFIN current has 3 flow
2024-09-27 01:19:51 DEBUG cic.cs.unb.ca.jnetpcap.FlowGenerator    FlagFIN current has 6 flow
2024-09-27 01:19:51 DEBUG cic.cs.unb.ca.jnetpcap.FlowGenerator    FlagFIN current has 9 flow
2024-09-27 01:19:51 DEBUG cic.cs.unb.ca.jnetpcap.FlowGenerator    FlagFIN current has 12 flow
2024-09-27 01:19:51 DEBUG cic.cs.unb.ca.jnetpcap.FlowGenerator    FlagFIN current has 15 flow
2024-09-27 01:19:51 DEBUG cic.cs.unb.ca.jnetpcap.FlowGenerator    FlagFIN current has 22 flow
2024-09-27 01:19:51 DEBUG cic.cs.unb.ca.jnetpcap.FlowGenerator    FlagFIN current has 21 flow
2024-09-27 01:19:51 DEBUG cic.cs.unb.ca.jnetpcap.FlowGenerator    FlagFIN current has 20 flow
2024-09-27 01:19:51 DEBUG cic.cs.unb.ca.jnetpcap.FlowGenerator    FlagFIN current has 19 flow
2024-09-27 01:19:51 DEBUG cic.cs.unb.ca.jnetpcap.FlowGenerator    FlagFIN current has 18 flow
2024-09-27 01:19:51 DEBUG cic.cs.unb.ca.jnetpcap.FlowGenerator    FlagFIN current has 17 flow
2024-09-27 01:19:51 DEBUG cic.cs.unb.ca.jnetpcap.FlowGenerator    FlagFIN current has 22 flow
2024-09-27 01:19:51 DEBUG cic.cs.unb.ca.jnetpcap.FlowGenerator    FlagFIN current has 22 flow
2024-09-27 01:19:51 DEBUG cic.cs.unb.ca.jnetpcap.FlowGenerator    FlagFIN current has 25 flow
2024-09-27 01:19:51 DEBUG cic.cs.unb.ca.jnetpcap.FlowGenerator    FlagFIN current has 25 flow
2024-09-27 01:19:51 DEBUG cic.cs.unb.ca.jnetpcap.FlowGenerator    FlagFIN current has 26 flow
2024-09-27 01:19:51 DEBUG cic.cs.unb.ca.jnetpcap.FlowGenerator    FlagFIN current has 26 flow
2024-09-27 01:19:51 DEBUG cic.cs.unb.ca.jnetpcap.FlowGenerator    FlagFIN current has 25 flow
2024-09-27 01:19:51 DEBUG cic.cs.unb.ca.jnetpcap.FlowGenerator    FlagFIN current has 24 flow
2024-09-27 01:19:51 DEBUG cic.cs.unb.ca.jnetpcap.FlowGenerator    FlagFIN current has 23 flow
2024-09-27 01:19:51 DEBUG cic.cs.unb.ca.jnetpcap.FlowGenerator    FlagFIN current has 26 flow
2024-09-27 01:19:51 DEBUG cic.cs.unb.ca.jnetpcap.FlowGenerator    FlagFIN current has 26 flow
2024-09-27 01:19:51 DEBUG cic.cs.unb.ca.jnetpcap.FlowGenerator    FlagFIN current has 25 flow
2024-09-27 01:19:51 DEBUG cic.cs.unb.ca.jnetpcap.FlowGenerator    FlagFIN current has 24 flow
2024-09-27 01:19:51 DEBUG cic.cs.unb.ca.jnetpcap.FlowGenerator    FlagFIN current has 26 flow
2024-09-27 01:19:52 DEBUG cic.cs.unb.ca.jnetpcap.PacketReader    Read All packets on /home/vothuonghd1998/database/DNSinetfirewall.pcap_part1.pcap
