2024-08-20 10:03:04 - You select: /home/trung/Desktop/sang/log.pcap.1642684647
2024-08-20 10:03:04 - Out folder: /home/trung/Desktop/sang/
2024-08-20 10:03:05 - CICFlowMeter received 1 pcap file
2024-08-20 10:06:57 - You select: /home/trung/Desktop/sang/log.pcap.1642684647
2024-08-20 10:06:57 - Out folder: /home/trung/Desktop/sang/
2024-08-20 10:06:57 - CICFlowMeter received 1 pcap file
2024-08-28 02:58:44 - You select: /home/vothuonghd1998/database/log.pcap.1642684647
2024-08-28 02:58:44 - Out folder: /home/vothuonghd1998/database/log.pcap.1642684647_Flow.csv
2024-08-28 02:58:45 - CICFlowMeter received 1 pcap file
2024-08-28 04:57:40 - You select: /home/vothuonghd1998/database/log.pcap.1642684613
2024-08-28 04:57:40 - Out folder: /home/vothuonghd1998/database/
2024-08-28 04:57:40 - CICFlowMeter received 1 pcap file
2024-08-28 05:02:23 - You select: /home/vothuonghd1998/database/log.pcap.1642684613
2024-08-28 05:02:23 - Out folder: /home/vothuonghd1998/database/
2024-08-28 05:02:23 - CICFlowMeter received 1 pcap file
2024-08-28 05:07:40 - You select: /home/vothuonghd1998/database/log.pcap.1642684613
2024-08-28 05:07:40 - Out folder: /home/vothuonghd1998/database/
2024-08-28 05:07:40 - CICFlowMeter received 1 pcap file
2024-08-28 05:13:45 - You select: /home/vothuonghd1998/database/log.pcap.1642684613
2024-08-28 05:13:45 - Out folder: /home/vothuonghd1998/database/
2024-08-28 05:13:45 - CICFlowMeter received 1 pcap file
2024-08-28 05:17:14 - You select: /home/vothuonghd1998/database/log.pcap.1642684613
2024-08-28 05:17:14 - Out folder: /home/vothuonghd1998/database/
2024-08-28 05:17:15 - CICFlowMeter received 1 pcap file
2024-08-28 05:20:23 - You select: /home/vothuonghd1998/database/log.pcap.1642684613
2024-08-28 05:20:23 - Out folder: /home/vothuonghd1998/database/
2024-08-28 05:20:23 - CICFlowMeter received 1 pcap file
2024-08-28 05:23:53 - You select: /home/vothuonghd1998/database/log.pcap.1642684613
2024-08-28 05:23:53 - Out folder: /home/vothuonghd1998/database/
2024-08-28 05:23:53 - CICFlowMeter received 1 pcap file
2024-08-28 05:47:05 - You select: /home/vothuonghd1998/database/log.pcap.1642684613
2024-08-28 05:47:05 - Out folder: /home/vothuonghd1998/database/
2024-08-28 05:47:06 - CICFlowMeter received 1 pcap file
2024-08-28 06:19:41 - You select: /home/vothuonghd1998/database/log.pcap.1642684613
2024-08-28 06:19:41 - Out folder: /home/vothuonghd1998/database/
2024-08-28 06:19:41 - CICFlowMeter received 1 pcap file
2024-08-28 06:44:23 - You select: /home/vothuonghd1998/database/log.pcap.1642684613
2024-08-28 06:44:23 - Out folder: /home/vothuonghd1998/database/
2024-08-28 06:44:23 - CICFlowMeter received 1 pcap file
2024-08-28 08:00:24 - You select: /home/vothuonghd1998/database/log.pcap.1643023053
2024-08-28 08:00:24 - Out folder: /home/vothuonghd1998/database/
2024-08-28 08:00:24 - CICFlowMeter received 1 pcap file
2024-08-28 08:43:13 - You select: /home/vothuonghd1998/database/log.pcap.1643023053
2024-08-28 08:43:13 - Out folder: /home/vothuonghd1998/database/
2024-08-28 08:43:13 - CICFlowMeter received 1 pcap file
2024-08-28 08:53:04 - You select: /home/vothuonghd1998/database/log.pcap.1643023053
2024-08-28 08:53:04 - Out folder: /home/vothuonghd1998/database/
2024-08-28 08:53:04 - CICFlowMeter received 1 pcap file
2024-08-28 09:22:55 - You select: /home/vothuonghd1998/database/log.pcap.1643023053
2024-08-28 09:22:55 - Out folder: /home/vothuonghd1998/database/
2024-08-28 09:22:55 - CICFlowMeter received 1 pcap file
2024-08-28 09:44:19 - You select: /home/vothuonghd1998/database/log.pcap.1643023053
2024-08-28 09:44:19 - Out folder: /home/vothuonghd1998/database/
2024-08-28 09:44:19 - CICFlowMeter received 1 pcap file
2024-08-28 10:06:38 - You select: /home/vothuonghd1998/database/log.pcap.1643023053
2024-08-28 10:06:38 - Out folder: /home/vothuonghd1998/database/
2024-08-28 10:06:38 - CICFlowMeter received 1 pcap file
2024-08-28 11:29:10 - You select: /home/vothuonghd1998/database/log.pcap.1642957916
2024-08-28 11:29:10 - Out folder: /home/vothuonghd1998/database/
2024-08-28 11:29:10 - CICFlowMeter received 1 pcap file
2024-08-28 11:31:10 - You select: /home/vothuonghd1998/database/output_100kb.pcap
2024-08-28 11:31:10 - Out folder: /home/vothuonghd1998/database/
2024-08-28 11:31:10 - CICFlowMeter received 1 pcap file
2024-08-28 11:33:14 - You select: /home/vothuonghd1998/database/output_100kb.pcap
2024-08-28 11:33:14 - Out folder: /home/vothuonghd1998/database/
2024-08-28 11:33:14 - CICFlowMeter received 1 pcap file
2024-08-28 11:34:45 - You select: /home/vothuonghd1998/database/output_100kb.pcap
2024-08-28 11:34:45 - Out folder: /home/vothuonghd1998/database/
2024-08-28 11:34:45 - CICFlowMeter received 1 pcap file
2024-08-28 11:38:23 - You select: /home/vothuonghd1998/database/output_100kb.pcap
2024-08-28 11:38:23 - Out folder: /home/vothuonghd1998/database/
2024-08-28 11:38:23 - CICFlowMeter received 1 pcap file
2024-08-28 12:03:25 - You select: /home/vothuonghd1998/database/output_100kb.pcap
2024-08-28 12:03:25 - Out folder: /home/vothuonghd1998/database/
2024-08-28 12:03:26 - CICFlowMeter received 1 pcap file
2024-08-28 12:42:36 - You select: /home/vothuonghd1998/database/output_100kb.pcap
2024-08-28 12:42:36 - Out folder: /home/vothuonghd1998/database/
2024-08-28 12:42:36 - CICFlowMeter received 1 pcap file
2024-08-28 12:51:27 - You select: /home/vothuonghd1998/database/output_100kb.pcap
2024-08-28 12:51:27 - Out folder: /home/vothuonghd1998/database/
2024-08-28 12:51:27 - CICFlowMeter received 1 pcap file
2024-08-28 13:02:00 - You select: /home/vothuonghd1998/database/output_100kb.pcap
2024-08-28 13:02:00 - Out folder: /home/vothuonghd1998/database/
2024-08-28 13:02:00 - CICFlowMeter received 1 pcap file
2024-08-28 13:37:31 - You select: /home/vothuonghd1998/database/output_100kb.pcap
2024-08-28 13:37:31 - Out folder: /home/vothuonghd1998/database/
2024-08-28 13:37:31 - CICFlowMeter received 1 pcap file
2024-08-29 08:22:44 - You select: /home/vothuonghd1998/database/output_100kb.pcap
2024-08-29 08:22:44 - Out folder: /home/vothuonghd1998/database/
2024-08-29 08:22:44 - CICFlowMeter received 1 pcap file
2024-08-29 09:57:58 - You select: /home/vothuonghd1998/database/output_100kb.pcap
2024-08-29 09:57:58 - Out folder: /home/vothuonghd1998/database/
2024-08-29 09:57:58 - CICFlowMeter received 1 pcap file
2024-08-29 10:02:53 - You select: /home/vothuonghd1998/database/output_100kb.pcap
2024-08-29 10:02:53 - Out folder: /home/vothuonghd1998/database/
2024-08-29 10:02:53 - CICFlowMeter received 1 pcap file
2024-08-29 10:45:11 - You select: /home/vothuonghd1998/database/output_100kb.pcap
2024-08-29 10:45:11 - Out folder: /home/vothuonghd1998/database/
2024-08-29 10:45:11 - CICFlowMeter received 1 pcap file
2024-08-29 10:52:54 - You select: /home/vothuonghd1998/database/output_100kb.pcap
2024-08-29 10:52:54 - Out folder: /home/vothuonghd1998/database/
2024-08-29 10:52:54 - CICFlowMeter received 1 pcap file
2024-08-29 11:03:57 - You select: /home/vothuonghd1998/database/output_100kb.pcap
2024-08-29 11:03:57 - Out folder: /home/vothuonghd1998/database/
2024-08-29 11:03:57 - CICFlowMeter received 1 pcap file
2024-08-29 11:08:50 - You select: /home/vothuonghd1998/database/output_100kb.pcap
2024-08-29 11:08:50 - Out folder: /home/vothuonghd1998/database/
2024-08-29 11:08:50 - CICFlowMeter received 1 pcap file
2024-08-29 11:12:51 - You select: /home/vothuonghd1998/database/output_100kb.pcap
2024-08-29 11:12:51 - Out folder: /home/vothuonghd1998/database/
2024-08-29 11:12:51 - CICFlowMeter received 1 pcap file
2024-08-29 12:46:49 - You select: /home/vothuonghd1998/database/output_100kb.pcap
2024-08-29 12:46:49 - Out folder: /home/vothuonghd1998/database/
2024-08-29 12:46:49 - CICFlowMeter received 1 pcap file
2024-08-30 09:26:26 - You select: /home/vothuonghd1998/database/output_100kb.pcap
2024-08-30 09:26:26 - Out folder: /home/vothuonghd1998/database/
2024-08-30 09:26:26 - CICFlowMeter received 1 pcap file
2024-08-30 09:50:38 - You select: /home/vothuonghd1998/database/output_100kb.pcap
2024-08-30 09:50:38 - Out folder: /home/vothuonghd1998/database/
2024-08-30 09:50:38 - CICFlowMeter received 1 pcap file
2024-08-30 09:54:14 - You select: /home/vothuonghd1998/database/output_100kb.pcap
2024-08-30 09:54:14 - Out folder: /home/vothuonghd1998/database/
2024-08-30 09:54:14 - CICFlowMeter received 1 pcap file
2024-08-30 09:56:21 - You select: /home/vothuonghd1998/database/output_100kb.pcap
2024-08-30 09:56:21 - Out folder: /home/vothuonghd1998/database/
2024-08-30 09:56:21 - CICFlowMeter received 1 pcap file
2024-08-31 03:15:58 - You select: /home/vothuonghd1998/database/output_100kb.pcap
2024-08-31 03:15:58 - Out folder: /home/vothuonghd1998/database/
2024-08-31 03:17:01 - You select: /home/vothuonghd1998/database/output_100kb.pcap
2024-08-31 03:17:01 - Out folder: /home/vothuonghd1998/database/
2024-08-31 03:17:01 - CICFlowMeter received 1 pcap file
2024-08-31 03:20:16 - You select: /home/vothuonghd1998/database/output_100kb.pcap
2024-08-31 03:20:16 - Out folder: /home/vothuonghd1998/database/
2024-08-31 03:20:16 - CICFlowMeter received 1 pcap file
2024-08-31 03:21:20 - You select: /home/vothuonghd1998/database/output_100kb.pcap
2024-08-31 03:21:20 - Out folder: /home/vothuonghd1998/database/
2024-08-31 03:21:20 - CICFlowMeter received 1 pcap file
2024-08-31 03:23:54 - You select: /home/vothuonghd1998/database/output_100kb.pcap
2024-08-31 03:23:54 - Out folder: /home/vothuonghd1998/database/
2024-08-31 03:23:54 - CICFlowMeter received 1 pcap file
2024-08-31 03:26:19 - You select: /home/vothuonghd1998/database/output_100kb.pcap
2024-08-31 03:26:19 - Out folder: /home/vothuonghd1998/database/
2024-08-31 03:26:19 - CICFlowMeter received 1 pcap file
2024-08-31 03:29:48 - You select: /home/vothuonghd1998/database/output_100kb.pcap
2024-08-31 03:29:48 - Out folder: /home/vothuonghd1998/database/
2024-08-31 03:29:48 - CICFlowMeter received 1 pcap file
2024-08-31 03:30:08 - You select: /home/vothuonghd1998/database/output_100kb.pcap
2024-08-31 03:30:08 - Out folder: /home/vothuonghd1998/database/
2024-08-31 03:30:08 - CICFlowMeter received 1 pcap file
2024-08-31 04:46:38 - You select: /home/vothuonghd1998/database/output_100kb.pcap
2024-08-31 04:46:38 - Out folder: /home/vothuonghd1998/database/
2024-08-31 04:46:39 - CICFlowMeter received 1 pcap file
2024-08-31 05:18:48 - You select: /home/vothuonghd1998/database/output_100kb.pcap
2024-08-31 05:18:48 - Out folder: /home/vothuonghd1998/database/
2024-08-31 05:18:48 - CICFlowMeter received 1 pcap file
2024-08-31 05:42:37 - You select: /home/vothuonghd1998/database/output_100kb.pcap
2024-08-31 05:42:37 - Out folder: /home/vothuonghd1998/database/
2024-08-31 05:42:37 - CICFlowMeter received 1 pcap file
2024-08-31 15:32:43 - You select: /home/vothuonghd1998/database/test.pcap
2024-08-31 15:32:43 - Out folder: /home/vothuonghd1998/database/
2024-08-31 15:32:44 - CICFlowMeter received 1 pcap file
2024-08-31 15:34:51 - You select: /home/vothuonghd1998/database/test.pcap
2024-08-31 15:34:51 - Out folder: /home/vothuonghd1998/database/
2024-08-31 15:34:51 - CICFlowMeter received 1 pcap file
2024-08-31 15:37:01 - You select: /home/vothuonghd1998/database/test.pcap
2024-08-31 15:37:01 - Out folder: /home/vothuonghd1998/database/
2024-08-31 15:37:01 - CICFlowMeter received 1 pcap file
2024-08-31 16:13:59 - You select: /home/vothuonghd1998/database/test.pcap
2024-08-31 16:13:59 - Out folder: /home/vothuonghd1998/database/
2024-08-31 16:13:59 - CICFlowMeter received 1 pcap file
2024-08-31 16:17:40 - You select: /home/vothuonghd1998/database/test.pcap
2024-08-31 16:17:40 - Out folder: /home/vothuonghd1998/database/
2024-08-31 16:17:40 - CICFlowMeter received 1 pcap file
2024-08-31 16:18:48 - You select: /home/vothuonghd1998/database/test.pcap
2024-08-31 16:18:48 - Out folder: /home/vothuonghd1998/database/
2024-08-31 16:18:48 - CICFlowMeter received 1 pcap file
2024-08-31 16:25:08 - You select: /home/vothuonghd1998/database/test.pcap
2024-08-31 16:25:08 - Out folder: /home/vothuonghd1998/database/
2024-08-31 16:25:08 - CICFlowMeter received 1 pcap file
2024-08-31 16:29:46 - You select: /home/vothuonghd1998/database/test.pcap
2024-08-31 16:29:46 - Out folder: /home/vothuonghd1998/database/
2024-08-31 16:29:46 - CICFlowMeter received 1 pcap file
2024-08-31 16:37:53 - You select: /home/vothuonghd1998/database/test.pcap
2024-08-31 16:37:53 - Out folder: /home/vothuonghd1998/database/
2024-08-31 16:37:54 - CICFlowMeter received 1 pcap file
2024-08-31 16:39:15 - You select: /home/vothuonghd1998/database/test.pcap
2024-08-31 16:39:15 - Out folder: /home/vothuonghd1998/database/
2024-08-31 16:39:15 - CICFlowMeter received 1 pcap file
2024-08-31 16:46:20 - You select: /home/vothuonghd1998/database/test.pcap
2024-08-31 16:46:20 - Out folder: /home/vothuonghd1998/database/
2024-08-31 16:46:20 - CICFlowMeter received 1 pcap file
2024-08-31 16:48:11 - You select: /home/vothuonghd1998/database/test.pcap
2024-08-31 16:48:11 - Out folder: /home/vothuonghd1998/database/
2024-08-31 16:48:11 - CICFlowMeter received 1 pcap file
2024-08-31 16:49:33 - You select: /home/vothuonghd1998/database/test.pcap
2024-08-31 16:49:33 - Out folder: /home/vothuonghd1998/database/
2024-08-31 16:49:33 - CICFlowMeter received 1 pcap file
2024-08-31 16:50:36 - You select: /home/vothuonghd1998/database/test.pcap
2024-08-31 16:50:36 - Out folder: /home/vothuonghd1998/database/
2024-08-31 16:50:36 - CICFlowMeter received 1 pcap file
2024-08-31 17:08:29 - You select: /home/vothuonghd1998/database/test.pcap
2024-08-31 17:08:29 - Out folder: /home/vothuonghd1998/database/
2024-08-31 17:08:29 - CICFlowMeter received 1 pcap file
2024-08-31 17:15:07 - You select: /home/vothuonghd1998/database/test.pcap
2024-08-31 17:15:07 - Out folder: /home/vothuonghd1998/database/
2024-08-31 17:15:07 - CICFlowMeter received 1 pcap file
2024-09-01 01:14:20 - You select: /home/vothuonghd1998/database/test.pcap
2024-09-01 01:14:20 - Out folder: /home/vothuonghd1998/database/
2024-09-01 01:14:21 - CICFlowMeter received 1 pcap file
2024-09-01 01:50:53 - You select: /home/vothuonghd1998/database/test.pcap
2024-09-01 01:50:53 - Out folder: /home/vothuonghd1998/database/
2024-09-01 01:50:53 - CICFlowMeter received 1 pcap file
2024-09-01 12:01:12 - You select: /home/vothuonghd1998/database/output_100kb.pcap
2024-09-01 12:01:12 - Out folder: /home/vothuonghd1998/database/
2024-09-01 12:01:12 - CICFlowMeter received 1 pcap file
2024-09-01 12:02:54 - You select: /home/vothuonghd1998/database/output_100kb.pcap
2024-09-01 12:02:54 - Out folder: /home/vothuonghd1998/database/
2024-09-01 12:02:54 - CICFlowMeter received 1 pcap file
2024-09-01 12:07:02 - You select: /home/vothuonghd1998/database/output_100kb.pcap
2024-09-01 12:07:02 - Out folder: /home/vothuonghd1998/database/
2024-09-01 12:07:02 - CICFlowMeter received 1 pcap file
2024-09-01 12:41:16 - You select: /home/vothuonghd1998/database/output_100kb.pcap
2024-09-01 12:41:16 - Out folder: /home/vothuonghd1998/database/
2024-09-01 12:41:17 - CICFlowMeter received 1 pcap file
2024-09-01 14:27:44 - You select: /home/vothuonghd1998/database/output_100kb.pcap
2024-09-01 14:27:44 - Out folder: /home/vothuonghd1998/database/
2024-09-01 14:27:44 - CICFlowMeter received 1 pcap file
2024-09-01 14:30:58 - You select: /home/vothuonghd1998/database/test.pcap
2024-09-01 14:30:58 - Out folder: /home/vothuonghd1998/database/
2024-09-01 14:30:59 - CICFlowMeter received 1 pcap file
2024-09-01 16:02:36 - You select: /home/vothuonghd1998/database/test.pcap
2024-09-01 16:02:36 - Out folder: /home/vothuonghd1998/database/
2024-09-01 16:02:37 - CICFlowMeter received 1 pcap file
2024-09-01 16:15:00 - You select: /home/vothuonghd1998/database/test.pcap
2024-09-01 16:15:00 - Out folder: /home/vothuonghd1998/database/
2024-09-01 16:15:00 - CICFlowMeter received 1 pcap file
2024-09-01 16:16:43 - You select: /home/vothuonghd1998/database/test.pcap
2024-09-01 16:16:43 - Out folder: /home/vothuonghd1998/database/
2024-09-01 16:16:43 - CICFlowMeter received 1 pcap file
2024-09-01 16:28:53 - You select: /home/vothuonghd1998/database/test.pcap
2024-09-01 16:28:53 - Out folder: /home/vothuonghd1998/database/
2024-09-01 16:28:53 - CICFlowMeter received 1 pcap file
2024-09-01 17:19:48 - You select: /home/vothuonghd1998/database/test.pcap
2024-09-01 17:19:48 - Out folder: /home/vothuonghd1998/database/
2024-09-01 17:19:49 - CICFlowMeter received 1 pcap file
2024-09-01 17:54:52 - You select: /home/vothuonghd1998/database/test.pcap
2024-09-01 17:54:52 - Out folder: /home/vothuonghd1998/database/
2024-09-01 17:54:53 - CICFlowMeter received 1 pcap file
2024-09-01 17:59:02 - You select: /home/vothuonghd1998/database/output_100kb.pcap
2024-09-01 17:59:02 - Out folder: /home/vothuonghd1998/database/
2024-09-01 17:59:02 - CICFlowMeter received 1 pcap file
2024-09-01 19:28:22 - You select: /home/vothuonghd1998/database/test.pcap
2024-09-01 19:28:22 - Out folder: /home/vothuonghd1998/database/
2024-09-01 19:28:23 - CICFlowMeter received 1 pcap file
2024-09-02 02:59:07 - You select: /home/vothuonghd1998/database/output_100kb.pcap
2024-09-02 02:59:07 - Out folder: /home/vothuonghd1998/database/
2024-09-02 02:59:07 - CICFlowMeter received 1 pcap file
2024-09-02 11:54:43 - You select: /home/vothuonghd1998/database/output_100kb.pcap
2024-09-02 11:54:43 - Out folder: /home/vothuonghd1998/database/
2024-09-02 11:54:43 - CICFlowMeter received 1 pcap file
2024-09-02 11:56:24 - You select: /home/vothuonghd1998/database/test.pcap
2024-09-02 11:56:24 - Out folder: /home/vothuonghd1998/database/
2024-09-02 11:56:25 - CICFlowMeter received 1 pcap file
2024-09-03 17:08:43 - You select: /home/vothuonghd1998/database/filetraffictest.pcap
2024-09-03 17:08:43 - Out folder: /home/vothuonghd1998/database/
2024-09-03 17:08:43 - CICFlowMeter received 1 pcap file
2024-09-03 17:15:52 - You select: /home/vothuonghd1998/database/dynamitelabcapture.pcap
2024-09-03 17:15:52 - Out folder: /home/vothuonghd1998/database/
2024-09-03 17:15:52 - CICFlowMeter received 1 pcap file
2024-09-03 17:25:56 - You select: /home/vothuonghd1998/database/dynamitelabcapture.pcap
2024-09-03 17:25:56 - Out folder: /home/vothuonghd1998/database/
2024-09-03 17:25:56 - CICFlowMeter received 1 pcap file
2024-09-03 17:32:42 - You select: /home/vothuonghd1998/database/output_100kb.pcap
2024-09-03 17:32:42 - Out folder: /home/vothuonghd1998/database/
2024-09-03 17:32:42 - CICFlowMeter received 1 pcap file
2024-09-03 17:38:11 - You select: /home/vothuonghd1998/database/dynamitelabcapture.pcap
2024-09-03 17:38:11 - Out folder: /home/vothuonghd1998/database/
2024-09-03 17:38:11 - CICFlowMeter received 1 pcap file
2024-09-04 00:55:24 - You select: /home/vothuonghd1998/database/dynamitelabcapture.pcap
2024-09-04 00:55:24 - Out folder: /home/vothuonghd1998/database/
2024-09-04 00:55:24 - CICFlowMeter received 1 pcap file
2024-09-04 01:00:13 - You select: /home/vothuonghd1998/database/dnstest_log.log
2024-09-04 01:00:13 - Out folder: /home/vothuonghd1998/database/
2024-09-04 01:00:14 - Please select pcap file!
2024-09-04 06:34:00 - You select: /home/vothuonghd1998/database/output_100kb.pcap
2024-09-04 06:34:00 - Out folder: /home/vothuonghd1998/database/
2024-09-04 06:34:00 - CICFlowMeter received 1 pcap file
2024-09-06 02:41:15 - You select: /home/vothuonghd1998/database/dynamitelabcapture.pcap
2024-09-06 02:41:15 - Out folder: /home/vothuonghd1998/database/
2024-09-06 02:41:16 - CICFlowMeter received 1 pcap file
2024-09-06 02:48:14 - You select: /home/vothuonghd1998/database/dynamitelabcapture.pcap
2024-09-06 02:48:14 - Out folder: /home/vothuonghd1998/database/
2024-09-06 02:48:14 - CICFlowMeter received 1 pcap file
2024-09-06 02:49:06 - You select: /home/vothuonghd1998/database/dynamitelabcapture.pcap
2024-09-06 02:49:06 - Out folder: /home/vothuonghd1998/database/
2024-09-06 02:49:06 - CICFlowMeter received 1 pcap file
2024-09-06 07:44:11 - You select: /home/vothuonghd1998/database/output_100kb.pcap
2024-09-06 07:44:11 - Out folder: /home/vothuonghd1998/database/
2024-09-06 07:44:11 - CICFlowMeter received 1 pcap file
2024-09-07 03:07:06 - You select: /home/vothuonghd1998/database/output_2000kb.pcap
2024-09-07 03:07:06 - Out folder: /home/vothuonghd1998/database/
2024-09-07 03:07:07 - CICFlowMeter received 1 pcap file
2024-09-07 03:14:35 - You select: /home/vothuonghd1998/database/output_2000kb.pcap
2024-09-07 03:14:35 - Out folder: /home/vothuonghd1998/database/
2024-09-07 03:14:35 - CICFlowMeter received 1 pcap file
2024-09-07 03:16:14 - You select: /home/vothuonghd1998/database/output_2000kb.pcap
2024-09-07 03:16:14 - Out folder: /home/vothuonghd1998/database/
2024-09-07 03:16:14 - CICFlowMeter received 1 pcap file
2024-09-07 03:18:52 - You select: /home/vothuonghd1998/database/output1_100kb.pcap
2024-09-07 03:18:52 - Out folder: /home/vothuonghd1998/database/
2024-09-07 03:18:52 - CICFlowMeter received 1 pcap file
2024-09-07 03:21:08 - You select: /home/vothuonghd1998/database/output1_2000kb.pcap
2024-09-07 03:21:08 - Out folder: /home/vothuonghd1998/database/
2024-09-07 03:21:08 - CICFlowMeter received 1 pcap file
2024-09-07 03:23:43 - You select: /home/vothuonghd1998/database/output_100kb.pcap
2024-09-07 03:23:43 - Out folder: /home/vothuonghd1998/database/
2024-09-07 03:23:43 - CICFlowMeter received 1 pcap file
2024-09-07 03:24:43 - You select: /home/vothuonghd1998/database/output_100kb.pcap
2024-09-07 03:24:43 - Out folder: /home/vothuonghd1998/database/
2024-09-07 03:24:43 - CICFlowMeter received 1 pcap file
2024-09-07 03:25:45 - You select: /home/vothuonghd1998/database/output_100kb.pcap
2024-09-07 03:25:45 - Out folder: /home/vothuonghd1998/database/
2024-09-07 03:25:45 - CICFlowMeter received 1 pcap file
2024-09-07 03:36:12 - You select: /home/vothuonghd1998/database/output_100kb.pcap
2024-09-07 03:36:12 - Out folder: /home/vothuonghd1998/database/
2024-09-07 03:36:12 - CICFlowMeter received 1 pcap file
2024-09-07 03:37:48 - You select: /home/vothuonghd1998/database/output_100kb.pcap
2024-09-07 03:37:48 - Out folder: /home/vothuonghd1998/database/
2024-09-07 03:37:48 - CICFlowMeter received 1 pcap file
2024-09-07 03:46:35 - You select: /home/vothuonghd1998/database/output_100kb.pcap
2024-09-07 03:46:35 - Out folder: /home/vothuonghd1998/database/
2024-09-07 03:46:35 - CICFlowMeter received 1 pcap file
2024-09-07 03:51:46 - You select: /home/vothuonghd1998/database/output1_100kb.pcap
2024-09-07 03:51:46 - Out folder: /home/vothuonghd1998/database/
2024-09-07 03:51:46 - CICFlowMeter received 1 pcap file
2024-09-07 04:03:22 - You select: /home/vothuonghd1998/database/output1_100kb.pcap
2024-09-07 04:03:22 - Out folder: /home/vothuonghd1998/database/
2024-09-07 04:03:22 - CICFlowMeter received 1 pcap file
2024-09-07 08:07:05 - You select: /home/vothuonghd1998/database/output1_100kb.pcap
2024-09-07 08:07:05 - Out folder: /home/vothuonghd1998/database/
2024-09-07 08:07:05 - CICFlowMeter received 1 pcap file
2024-09-07 08:08:13 - You select: /home/vothuonghd1998/database/output1_2000kb.pcap
2024-09-07 08:08:13 - Out folder: /home/vothuonghd1998/database/
2024-09-07 08:08:13 - CICFlowMeter received 1 pcap file
2024-09-07 08:30:32 - You select: /home/vothuonghd1998/database/trafico_06-09.pcapng
2024-09-07 08:30:32 - Out folder: /home/vothuonghd1998/database/
2024-09-07 08:30:32 - Please select pcap file!
2024-09-07 08:40:54 - You select: /home/vothuonghd1998/database/testdynamitelab.pcap
2024-09-07 08:40:54 - Out folder: /home/vothuonghd1998/database/
2024-09-07 08:40:55 - CICFlowMeter received 1 pcap file
2024-09-07 08:53:47 - You select: /home/vothuonghd1998/database/dynamitelabcapture.pcap
2024-09-07 08:53:47 - Out folder: /home/vothuonghd1998/database/
2024-09-07 08:53:47 - CICFlowMeter received 1 pcap file
2024-09-07 08:56:46 - You select: /home/vothuonghd1998/database/dynamitelabcapture.pcap
2024-09-07 08:56:46 - Out folder: /home/vothuonghd1998/database/
2024-09-07 08:56:46 - CICFlowMeter received 1 pcap file
2024-09-07 08:57:40 - You select: /home/vothuonghd1998/database/dynamitelabcapture.pcap
2024-09-07 08:57:40 - Out folder: /home/vothuonghd1998/database/
2024-09-07 08:57:40 - CICFlowMeter received 1 pcap file
2024-09-07 09:00:24 - You select: /home/vothuonghd1998/database/dynamitelabcapture.pcap
2024-09-07 09:00:24 - Out folder: /home/vothuonghd1998/database/
2024-09-07 09:00:24 - CICFlowMeter received 1 pcap file
2024-09-07 09:01:53 - You select: /home/vothuonghd1998/database/dynamitelabcapture.pcap
2024-09-07 09:01:53 - Out folder: /home/vothuonghd1998/database/
2024-09-07 09:01:54 - CICFlowMeter received 1 pcap file
2024-09-07 09:08:36 - You select: /home/vothuonghd1998/database/dynamitelabcapture.pcap
2024-09-07 09:08:36 - Out folder: /home/vothuonghd1998/database/
2024-09-07 09:08:37 - CICFlowMeter received 1 pcap file
2024-09-07 09:15:34 - You select: /home/vothuonghd1998/database/dynamitelabcapture.pcap
2024-09-07 09:15:34 - Out folder: /home/vothuonghd1998/database/
2024-09-07 09:15:34 - CICFlowMeter received 1 pcap file
2024-09-07 09:35:28 - You select: /home/vothuonghd1998/database/dynamitelabcapture.pcap
2024-09-07 09:35:28 - Out folder: /home/vothuonghd1998/database/
2024-09-07 09:35:28 - CICFlowMeter received 1 pcap file
2024-09-07 09:51:33 - You select: /home/vothuonghd1998/database/dynamitelabcapture.pcap
2024-09-07 09:51:33 - Out folder: /home/vothuonghd1998/database/
2024-09-07 09:51:34 - CICFlowMeter received 1 pcap file
2024-09-07 09:54:44 - You select: /home/vothuonghd1998/database/dynamitelabcapture.pcap
2024-09-07 09:54:44 - Out folder: /home/vothuonghd1998/database/
2024-09-07 09:54:45 - CICFlowMeter received 1 pcap file
2024-09-07 12:28:56 - You select: /home/vothuonghd1998/database/dynamitelabcapture.pcap
2024-09-07 12:28:56 - Out folder: /home/vothuonghd1998/database/
2024-09-07 12:28:56 - CICFlowMeter received 1 pcap file
2024-09-07 13:02:01 - You select: /home/vothuonghd1998/database/output1_100kb.pcap
2024-09-07 13:02:01 - Out folder: /home/vothuonghd1998/database/
2024-09-07 13:02:01 - CICFlowMeter received 1 pcap file
2024-09-07 13:07:46 - You select: /home/vothuonghd1998/database/output1_2000kb.pcap
2024-09-07 13:07:46 - Out folder: /home/vothuonghd1998/database/
2024-09-07 13:07:47 - CICFlowMeter received 1 pcap file
2024-09-07 13:13:00 - You select: /home/vothuonghd1998/database/output1_40000kb.pcap
2024-09-07 13:13:00 - Out folder: /home/vothuonghd1998/database/
2024-09-07 13:13:00 - CICFlowMeter received 1 pcap file
2024-09-07 14:33:44 - You select: /home/vothuonghd1998/database/traffictest1.pcap
2024-09-07 14:33:44 - Out folder: /home/vothuonghd1998/database/
2024-09-07 14:33:44 - CICFlowMeter received 1 pcap file
2024-09-07 14:39:35 - You select: /home/vothuonghd1998/database/traffictest2.pcap
2024-09-07 14:39:35 - Out folder: /home/vothuonghd1998/database/
2024-09-07 14:39:35 - CICFlowMeter received 1 pcap file
2024-09-07 14:44:26 - You select: /home/vothuonghd1998/database/traffictest3.pcap
2024-09-07 14:44:26 - Out folder: /home/vothuonghd1998/database/
2024-09-07 14:44:27 - CICFlowMeter received 1 pcap file
2024-09-07 15:15:53 - You select: /home/vothuonghd1998/database/traffictest4.pcap
2024-09-07 15:15:53 - Out folder: /home/vothuonghd1998/database/
2024-09-07 15:15:53 - CICFlowMeter received 1 pcap file
2024-09-07 15:18:14 - You select: /home/vothuonghd1998/database/traffictest4.pcap
2024-09-07 15:18:14 - Out folder: /home/vothuonghd1998/database/
2024-09-07 15:18:14 - CICFlowMeter received 1 pcap file
2024-09-07 15:20:11 - You select: /home/vothuonghd1998/database/traffictest3.pcap
2024-09-07 15:20:11 - Out folder: /home/vothuonghd1998/database/
2024-09-07 15:20:11 - CICFlowMeter received 1 pcap file
2024-09-07 15:36:08 - You select: /home/vothuonghd1998/database/traffictest3.pcap
2024-09-07 15:36:08 - Out folder: /home/vothuonghd1998/database/
2024-09-07 15:36:08 - CICFlowMeter received 1 pcap file
2024-09-07 15:43:30 - You select: /home/vothuonghd1998/database/traffictest3.pcap
2024-09-07 15:43:30 - Out folder: /home/vothuonghd1998/database/
2024-09-07 15:43:30 - CICFlowMeter received 1 pcap file
2024-09-07 15:49:48 - You select: /home/vothuonghd1998/database/traffictest3.pcap
2024-09-07 15:49:48 - Out folder: /home/vothuonghd1998/database/
2024-09-07 15:49:48 - CICFlowMeter received 1 pcap file
2024-09-07 15:55:45 - You select: /home/vothuonghd1998/database/traffictest3.pcap
2024-09-07 15:55:45 - Out folder: /home/vothuonghd1998/database/
2024-09-07 15:55:45 - CICFlowMeter received 1 pcap file
2024-09-07 15:58:31 - You select: /home/vothuonghd1998/database/traffictest3.pcap
2024-09-07 15:58:31 - Out folder: /home/vothuonghd1998/database/
2024-09-07 15:58:31 - CICFlowMeter received 1 pcap file
2024-09-07 16:04:57 - You select: /home/vothuonghd1998/database/traffictest3.pcap
2024-09-07 16:04:57 - Out folder: /home/vothuonghd1998/database/
2024-09-07 16:04:57 - CICFlowMeter received 1 pcap file
2024-09-07 16:11:28 - You select: /home/vothuonghd1998/database/traffictest4.pcap
2024-09-07 16:11:28 - Out folder: /home/vothuonghd1998/database/
2024-09-07 16:11:28 - CICFlowMeter received 1 pcap file
2024-09-07 16:13:23 - You select: /home/vothuonghd1998/database/traffictest3.pcap
2024-09-07 16:13:23 - Out folder: /home/vothuonghd1998/database/
2024-09-07 16:13:24 - CICFlowMeter received 1 pcap file
2024-09-07 16:16:37 - You select: /home/vothuonghd1998/database/traffictest3.pcap
2024-09-07 16:16:37 - Out folder: /home/vothuonghd1998/database/
2024-09-07 16:16:37 - CICFlowMeter received 1 pcap file
2024-09-07 16:19:41 - You select: /home/vothuonghd1998/database/traffictest3.pcap
2024-09-07 16:19:41 - Out folder: /home/vothuonghd1998/database/
2024-09-07 16:19:41 - CICFlowMeter received 1 pcap file
2024-09-07 16:26:15 - You select: /home/vothuonghd1998/database/traffictest3.pcap
2024-09-07 16:26:15 - Out folder: /home/vothuonghd1998/database/
2024-09-07 16:26:16 - CICFlowMeter received 1 pcap file
2024-09-07 16:32:55 - You select: /home/vothuonghd1998/database/traffictest3.pcap
2024-09-07 16:32:55 - Out folder: /home/vothuonghd1998/database/
2024-09-07 16:32:55 - CICFlowMeter received 1 pcap file
2024-09-07 16:44:17 - You select: /home/vothuonghd1998/database/traffictest1.pcap
2024-09-07 16:44:17 - Out folder: /home/vothuonghd1998/database/
2024-09-07 16:44:17 - CICFlowMeter received 1 pcap file
2024-09-07 16:57:32 - You select: /home/vothuonghd1998/database/traffictest3.pcap
2024-09-07 16:57:32 - Out folder: /home/vothuonghd1998/database/
2024-09-07 16:57:32 - CICFlowMeter received 1 pcap file
2024-09-07 17:00:58 - You select: /home/vothuonghd1998/database/traffictest3.pcap
2024-09-07 17:00:58 - Out folder: /home/vothuonghd1998/database/
2024-09-07 17:00:58 - CICFlowMeter received 1 pcap file
2024-09-07 17:04:20 - You select: /home/vothuonghd1998/database/traffictest4.pcap
2024-09-07 17:04:20 - Out folder: /home/vothuonghd1998/database/
2024-09-07 17:04:20 - CICFlowMeter received 1 pcap file
2024-09-07 17:05:53 - You select: /home/vothuonghd1998/database/traffictest3.pcap
2024-09-07 17:05:53 - Out folder: /home/vothuonghd1998/database/
2024-09-07 17:05:54 - CICFlowMeter received 1 pcap file
2024-09-07 17:18:26 - You select: /home/vothuonghd1998/database/traffictest5.pcap
2024-09-07 17:18:26 - Out folder: /home/vothuonghd1998/database/
2024-09-07 17:18:26 - CICFlowMeter received 1 pcap file
2024-09-07 17:21:22 - You select: /home/vothuonghd1998/database/traffictest3.pcap
2024-09-07 17:21:22 - Out folder: /home/vothuonghd1998/database/
2024-09-07 17:21:22 - CICFlowMeter received 1 pcap file
2024-09-08 02:55:44 - You select: /home/vothuonghd1998/database/traffictest3.pcap
2024-09-08 02:55:44 - Out folder: /home/vothuonghd1998/database/
2024-09-08 02:55:44 - CICFlowMeter received 1 pcap file
2024-09-08 02:59:54 - You select: /home/vothuonghd1998/database/traffictest3.pcap
2024-09-08 02:59:54 - Out folder: /home/vothuonghd1998/database/
2024-09-08 02:59:54 - CICFlowMeter received 1 pcap file
2024-09-09 07:32:05 - You select: /home/vothuonghd1998/database/traffictest4.pcap
2024-09-09 07:32:05 - Out folder: /home/vothuonghd1998/database/
2024-09-09 07:32:05 - CICFlowMeter received 1 pcap file
2024-09-12 04:51:37 - You select: /home/vothuonghd1998/database/traffictest5.pcap
2024-09-12 04:51:37 - Out folder: /home/vothuonghd1998/database/
2024-09-12 04:51:38 - CICFlowMeter received 1 pcap file
2024-09-12 04:57:47 - You select: /home/vothuonghd1998/database/traffictest4.pcap
2024-09-12 04:57:47 - Out folder: /home/vothuonghd1998/database/
2024-09-12 04:57:48 - CICFlowMeter received 1 pcap file
2024-09-12 05:02:40 - You select: /home/vothuonghd1998/database/traffictest4.pcap
2024-09-12 05:02:40 - Out folder: /home/vothuonghd1998/database/
2024-09-12 05:02:41 - CICFlowMeter received 1 pcap file
2024-09-12 05:06:38 - You select: /home/vothuonghd1998/database/output_100kb.pcap
2024-09-12 05:06:38 - Out folder: /home/vothuonghd1998/database/
2024-09-12 05:06:38 - CICFlowMeter received 1 pcap file
2024-09-12 05:09:42 - You select: /home/vothuonghd1998/database/output_100kb.pcap
2024-09-12 05:09:42 - Out folder: /home/vothuonghd1998/database/
2024-09-12 05:09:42 - CICFlowMeter received 1 pcap file
2024-09-12 05:17:36 - You select: /home/vothuonghd1998/database/output_100kb.pcap
2024-09-12 05:17:36 - Out folder: /home/vothuonghd1998/database/
2024-09-12 05:17:36 - CICFlowMeter received 1 pcap file
2024-09-12 05:24:46 - You select: /home/vothuonghd1998/database/output_100kb.pcap
2024-09-12 05:24:46 - Out folder: /home/vothuonghd1998/database/
2024-09-12 05:24:46 - CICFlowMeter received 1 pcap file
2024-09-12 05:30:31 - You select: /home/vothuonghd1998/database/output_100kb.pcap
2024-09-12 05:30:31 - Out folder: /home/vothuonghd1998/database/
2024-09-12 05:30:31 - CICFlowMeter received 1 pcap file
2024-09-12 05:38:05 - You select: /home/vothuonghd1998/database/output_100kb.pcap
2024-09-12 05:38:05 - Out folder: /home/vothuonghd1998/database/
2024-09-12 05:38:05 - CICFlowMeter received 1 pcap file
2024-09-12 08:23:14 - You select: /home/vothuonghd1998/database/traffictest5.pcap
2024-09-12 08:23:14 - Out folder: /home/vothuonghd1998/database/
2024-09-12 08:23:14 - CICFlowMeter received 1 pcap file
2024-09-13 02:50:57 - You select: /home/vothuonghd1998/database/traffictest4.pcap
2024-09-13 02:50:57 - Out folder: /home/vothuonghd1998/database/
2024-09-13 02:50:57 - CICFlowMeter received 1 pcap file
2024-09-13 08:09:05 - You select: /home/vothuonghd1998/database/traffictest4_UTC.pcap
2024-09-13 08:09:05 - Out folder: /home/vothuonghd1998/database/
2024-09-13 08:09:05 - CICFlowMeter received 1 pcap file
2024-09-13 08:10:18 - You select: /home/vothuonghd1998/database/traffictest4_UTC.pcap
2024-09-13 08:10:18 - Out folder: /home/vothuonghd1998/database/
2024-09-13 08:10:18 - CICFlowMeter received 1 pcap file
2024-09-13 08:11:14 - You select: /home/vothuonghd1998/database/traffictest4_national.pcap
2024-09-13 08:11:14 - Out folder: /home/vothuonghd1998/database/
2024-09-13 08:11:14 - CICFlowMeter received 1 pcap file
2024-09-13 08:19:03 - You select: /home/vothuonghd1998/database/traffictest1.pcap
2024-09-13 08:19:03 - Out folder: /home/vothuonghd1998/database/
2024-09-13 08:19:04 - CICFlowMeter received 1 pcap file
2024-09-13 15:12:02 - You select: /home/vothuonghd1998/database/traffictest4_UTC.pcap
2024-09-13 15:12:02 - Out folder: /home/vothuonghd1998/database/
2024-09-13 15:12:02 - CICFlowMeter received 1 pcap file
2024-09-13 15:18:22 - You select: /home/vothuonghd1998/database/traffictest4.pcap
2024-09-13 15:18:22 - Out folder: /home/vothuonghd1998/database/
2024-09-13 15:18:22 - CICFlowMeter received 1 pcap file
2024-09-13 15:45:41 - You select: /home/vothuonghd1998/database/traffictest4.pcap
2024-09-13 15:45:41 - Out folder: /home/vothuonghd1998/database/
2024-09-13 15:45:41 - CICFlowMeter received 1 pcap file
2024-09-13 15:54:39 - You select: /home/vothuonghd1998/database/traffictest4.pcap
2024-09-13 15:54:39 - Out folder: /home/vothuonghd1998/database/
2024-09-13 15:54:39 - CICFlowMeter received 1 pcap file
2024-09-13 15:57:21 - You select: /home/vothuonghd1998/database/traffictest4.pcap
2024-09-13 15:57:21 - Out folder: /home/vothuonghd1998/database/
2024-09-13 15:57:21 - CICFlowMeter received 1 pcap file
2024-09-13 16:02:34 - You select: /home/vothuonghd1998/database/traffictest4.pcap
2024-09-13 16:02:34 - Out folder: /home/vothuonghd1998/database/
2024-09-13 16:02:34 - CICFlowMeter received 1 pcap file
2024-09-13 16:06:06 - You select: /home/vothuonghd1998/database/traffictest4.pcap
2024-09-13 16:06:06 - Out folder: /home/vothuonghd1998/database/
2024-09-13 16:06:07 - CICFlowMeter received 1 pcap file
2024-09-13 16:15:48 - You select: /home/vothuonghd1998/database/traffictest4.pcap
2024-09-13 16:15:48 - Out folder: /home/vothuonghd1998/database/
2024-09-13 16:15:48 - CICFlowMeter received 1 pcap file
2024-09-13 16:17:15 - You select: /home/vothuonghd1998/database/traffictest4.pcap
2024-09-13 16:17:15 - Out folder: /home/vothuonghd1998/database/
2024-09-13 16:17:15 - CICFlowMeter received 1 pcap file
2024-09-13 16:29:46 - You select: /home/vothuonghd1998/database/traffictest4.pcap
2024-09-13 16:29:46 - Out folder: /home/vothuonghd1998/database/
2024-09-13 16:29:46 - CICFlowMeter received 1 pcap file
2024-09-13 16:34:21 - You select: /home/vothuonghd1998/database/traffictest4.pcap
2024-09-13 16:34:21 - Out folder: /home/vothuonghd1998/database/
2024-09-13 16:34:21 - CICFlowMeter received 1 pcap file
2024-09-13 16:39:54 - You select: /home/vothuonghd1998/database/traffictest4.pcap
2024-09-13 16:39:54 - Out folder: /home/vothuonghd1998/database/
2024-09-13 16:39:54 - CICFlowMeter received 1 pcap file
2024-09-13 16:50:35 - You select: /home/vothuonghd1998/database/traffictest4.pcap
2024-09-13 16:50:35 - Out folder: /home/vothuonghd1998/database/
2024-09-13 16:50:36 - CICFlowMeter received 1 pcap file
2024-09-13 16:53:21 - You select: /home/vothuonghd1998/database/traffictest4.pcap
2024-09-13 16:53:21 - Out folder: /home/vothuonghd1998/database/
2024-09-13 16:53:21 - CICFlowMeter received 1 pcap file
2024-09-13 17:20:24 - You select: /home/vothuonghd1998/database/traffictest5.pcap
2024-09-13 17:20:24 - Out folder: /home/vothuonghd1998/database/
2024-09-13 17:20:25 - CICFlowMeter received 1 pcap file
2024-09-14 02:09:05 - You select: /home/vothuonghd1998/database/traffictest4_copy.pcap
2024-09-14 02:09:05 - Out folder: /home/vothuonghd1998/database/
2024-09-14 02:09:05 - CICFlowMeter received 1 pcap file
2024-09-14 02:17:34 - You select: /home/vothuonghd1998/database/traffictest4_copy.pcap
2024-09-14 02:17:34 - Out folder: /home/vothuonghd1998/database/
2024-09-14 02:17:34 - CICFlowMeter received 1 pcap file
2024-09-14 05:40:40 - You select: /home/vothuonghd1998/database/traffictest4_copy.pcap
2024-09-14 05:40:40 - Out folder: /home/vothuonghd1998/database/
2024-09-14 05:40:40 - CICFlowMeter received 1 pcap file
2024-09-14 06:06:56 - You select: /home/vothuonghd1998/database/traffictest4_copy.pcap
2024-09-14 06:06:56 - Out folder: /home/vothuonghd1998/database/
2024-09-14 06:06:56 - CICFlowMeter received 1 pcap file
2024-09-14 06:14:40 - You select: /home/vothuonghd1998/database/traffictest4_copy.pcap
2024-09-14 06:14:40 - Out folder: /home/vothuonghd1998/database/
2024-09-14 06:14:40 - CICFlowMeter received 1 pcap file
2024-09-14 11:10:05 - You select: /home/vothuonghd1998/database/traffictest4_copy.pcap
2024-09-14 11:10:05 - Out folder: /home/vothuonghd1998/database/
2024-09-14 11:10:05 - CICFlowMeter received 1 pcap file
2024-09-14 11:12:52 - You select: /home/vothuonghd1998/database/traffictest4_copy.pcap
2024-09-14 11:12:52 - Out folder: /home/vothuonghd1998/database/
2024-09-14 11:12:52 - CICFlowMeter received 1 pcap file
2024-09-14 11:14:22 - You select: /home/vothuonghd1998/database/traffictest4_copy.pcap
2024-09-14 11:14:22 - Out folder: /home/vothuonghd1998/database/
2024-09-14 11:14:22 - CICFlowMeter received 1 pcap file
2024-09-14 11:16:49 - You select: /home/vothuonghd1998/database/traffictest4_copy.pcap
2024-09-14 11:16:49 - Out folder: /home/vothuonghd1998/database/
2024-09-14 11:16:49 - CICFlowMeter received 1 pcap file
2024-09-14 11:17:32 - You select: /home/vothuonghd1998/database/traffictest4_copy.pcap
2024-09-14 11:17:32 - Out folder: /home/vothuonghd1998/database/
2024-09-14 11:17:32 - CICFlowMeter received 1 pcap file
2024-09-14 11:18:06 - You select: /home/vothuonghd1998/database/traffictest4_copy.pcap
2024-09-14 11:18:06 - Out folder: /home/vothuonghd1998/database/
2024-09-14 11:18:06 - CICFlowMeter received 1 pcap file
2024-09-14 11:19:11 - You select: /home/vothuonghd1998/database/traffictest4_copy.pcap
2024-09-14 11:19:11 - Out folder: /home/vothuonghd1998/database/
2024-09-14 11:19:11 - CICFlowMeter received 1 pcap file
2024-09-14 12:41:47 - You select: /home/vothuonghd1998/database/traffictest4.pcap
2024-09-14 12:41:47 - Out folder: /home/vothuonghd1998/database/
2024-09-14 12:41:47 - CICFlowMeter received 1 pcap file
2024-09-14 12:47:34 - You select: /home/vothuonghd1998/database/traffictest4.pcap
2024-09-14 12:47:34 - Out folder: /home/vothuonghd1998/database/
2024-09-14 12:47:34 - CICFlowMeter received 1 pcap file
2024-09-14 12:58:17 - You select: /home/vothuonghd1998/database/traffictest4.pcap
2024-09-14 12:58:17 - Out folder: /home/vothuonghd1998/database/
2024-09-14 12:58:18 - CICFlowMeter received 1 pcap file
2024-09-14 13:00:31 - You select: /home/vothuonghd1998/database/traffictest4_copy.pcap
2024-09-14 13:00:31 - Out folder: /home/vothuonghd1998/database/
2024-09-14 13:00:31 - CICFlowMeter received 1 pcap file
2024-09-14 13:03:44 - You select: /home/vothuonghd1998/database/traffictest4_copy.pcap
2024-09-14 13:03:44 - Out folder: /home/vothuonghd1998/database/
2024-09-14 13:03:44 - CICFlowMeter received 1 pcap file
2024-09-14 13:05:26 - You select: /home/vothuonghd1998/database/traffictest4_copy.pcap
2024-09-14 13:05:26 - Out folder: /home/vothuonghd1998/database/
2024-09-14 13:05:27 - CICFlowMeter received 1 pcap file
2024-09-14 13:09:14 - You select: /home/vothuonghd1998/database/traffictest4_copy.pcap
2024-09-14 13:09:14 - Out folder: /home/vothuonghd1998/database/
2024-09-14 13:09:14 - CICFlowMeter received 1 pcap file
2024-09-14 14:28:28 - You select: /home/vothuonghd1998/database/traffictest4_copy.pcap
2024-09-14 14:28:28 - Out folder: /home/vothuonghd1998/database/
2024-09-14 14:28:28 - CICFlowMeter received 1 pcap file
2024-09-14 14:34:07 - You select: /home/vothuonghd1998/database/traffictest5.pcap
2024-09-14 14:34:07 - Out folder: /home/vothuonghd1998/database/
2024-09-14 14:34:07 - CICFlowMeter received 1 pcap file
2024-09-14 14:47:02 - You select: /home/vothuonghd1998/database/traffictest5.pcap
2024-09-14 14:47:02 - Out folder: /home/vothuonghd1998/database/
2024-09-14 14:47:02 - CICFlowMeter received 1 pcap file
2024-09-14 23:07:04 - You select: /home/vothuonghd1998/database/traffictest5.pcap
2024-09-14 23:07:04 - Out folder: /home/vothuonghd1998/database/
2024-09-14 23:07:04 - CICFlowMeter received 1 pcap file
2024-09-15 00:02:17 - You select: /home/vothuonghd1998/database/traffictest4.pcap
2024-09-15 00:02:17 - Out folder: /home/vothuonghd1998/database/
2024-09-15 00:02:17 - CICFlowMeter received 1 pcap file
2024-09-15 00:40:43 - You select: /home/vothuonghd1998/database/traffictest4.pcap
2024-09-15 00:40:43 - Out folder: /home/vothuonghd1998/database/
2024-09-15 00:40:43 - CICFlowMeter received 1 pcap file
2024-09-15 01:02:08 - You select: /home/vothuonghd1998/database/testaudit1.log
2024-09-15 01:02:08 - Out folder: /home/vothuonghd1998/database/
2024-09-15 01:02:08 - Please select pcap file!
2024-09-15 01:49:41 - You select: /home/vothuonghd1998/database/traffictest5.pcap
2024-09-15 01:49:41 - Out folder: /home/vothuonghd1998/database/
2024-09-15 01:49:41 - CICFlowMeter received 1 pcap file
